<?xml version='1.0' encoding='UTF-8'?>
<testsuite hostname="DESKTOP-383G74D" name="wikigraph.WikigraphSuite" tests="17" errors="0" failures="3" skipped="0" time="1.065" timestamp="2023-05-26T08:54:28">
          <properties>
      <property name="awt.toolkit" value="sun.awt.windows.WToolkit"/><property name="java.specification.version" value="11"/><property name="sun.cpu.isalist" value="amd64"/><property name="sun.jnu.encoding" value="Cp1252"/><property name="sun.arch.data.model" value="64"/><property name="bootstrap.mainClass" value="xsbt.boot.Boot"/><property name="java.vendor.url" value="https://openjdk.java.net/"/><property name="sun.boot.library.path" value="C:\Program Files\Java\jdk-11.0.18\bin"/><property name="sun.java.command" value="C:\Users\unmes\AppData\Local\Coursier\data\bin\sbt.bat test"/><property name="jdk.debug" value="release"/><property name="sun.stderr.encoding" value="cp437"/><property name="java.specification.vendor" value="Oracle Corporation"/><property name="java.version.date" value="2023-01-17"/><property name="java.home" value="C:\Program Files\Java\jdk-11.0.18"/><property name="file.separator" value="\"/><property name="java.vm.compressedOopsMode" value="Zero based"/><property name="line.separator" value="
"/><property name="java.specification.name" value="Java Platform API Specification"/><property name="java.vm.specification.vendor" value="Oracle Corporation"/><property name="user.script" value=""/><property name="sun.management.compiler" value="HotSpot 64-Bit Tiered Compilers"/><property name="java.runtime.version" value="11.0.18+9-LTS-195"/><property name="user.name" value="unmes"/><property name="log4j.ignoreTCL" value="true"/><property name="file.encoding" value="Cp1252"/><property name="jnidispatch.path" value="C:\Users\unmes\AppData\Local\Temp\jna-111436962\jna13624098280813194220.dll"/><property name="java.vendor.version" value="18.9"/><property name="jna.loaded" value="true"/><property name="java.io.tmpdir" value="C:\Users\unmes\AppData\Local\Temp\"/><property name="java.version" value="11.0.18"/><property name="java.vm.specification.name" value="Java Virtual Machine Specification"/><property name="java.awt.printerjob" value="sun.awt.windows.WPrinterJob"/><property name="sun.os.patch.level" value=""/><property name="java.library.path" value="C:\Program Files\Java\jdk-11.0.18\bin;C:\WINDOWS\Sun\Java\bin;C:\WINDOWS\system32;C:\WINDOWS;C:\Program Files\PowerShell\7;C:\Program Files\Common Files\Oracle\Java\javapath;C:\Program Files (x86)\Microsoft SDKs\Azure\CLI2\wbin;C:\Users\unmes\AppData\Local\Programs\Python\Python39\Scripts\;C:\Users\unmes\AppData\Local\Programs\Python\Python39\;C:\Program Files (x86)\Common Files\Oracle\Java\javapath;C:\RBuildTools\3.4\bin;C:\RBuildTools\3.4\mingw_32\bin;C:\ProgramData\Oracle\Java\javapath;C:\spark\spark-3.4.0-bin-hadoop3\bin;c:\Rtools\bin;c:\Rtools\mingw_32\bin;C:\Windows\system32;C:\Windows;C:\Windows\System32\Wbem;C:\Windows\System32\WindowsPowerShell\v1.0\;C:\Users\unmes\.dnx\bin;C:\Anaconda3;C:\Anaconda3\Scripts;C:\Anaconda3\Library\bin;C:\Program Files (x86)\NVIDIA Corporation\PhysX\Common;C:\Julia-0.4.6\bin;C:\Program Files\CMake\bin;C:\WINDOWS\system32;C:\WINDOWS;C:\WINDOWS\System32\Wbem;C:\WINDOWS\System32\WindowsPowerShell\v1.0\;C:\Program Files\PuTTY\;C:\Program Files\dotnet\;C:\ProgramData\chocolatey\bin;C:\tools\go\bin;C:\WINDOWS\System32\OpenSSH\;C:\Program Files (x86)\Graphviz2.38\bin;C:\Program Files\Intel\WiFi\bin\;C:\Program Files\Common Files\Intel\WirelessCommon\;C:\Go\bin;C:\WINDOWS\system32;C:\WINDOWS;C:\WINDOWS\System32\Wbem;C:\WINDOWS\System32\WindowsPowerShell\v1.0\;C:\WINDOWS\System32\OpenSSH\;C:\Program Files (x86)\scala\bin;C:\Program Files\nodejs\;C:\Program Files\Microsoft SQL Server\130\Tools\Binn\;C:\Program Files (x86)\Microsoft SQL Server\150\Tools\Binn\;C:\Program Files\Microsoft SQL Server\150\Tools\Binn\;C:\Program Files (x86)\Microsoft SQL Server\150\DTS\Binn\;C:\Program Files\Microsoft SQL Server\150\DTS\Binn\;C:\Program Files\Microsoft SQL Server\Client SDK\ODBC\170\Tools\Binn\;c:\Program Files (x86)\Intel\Intel(R) Management Engine Components\DAL;c:\Program Files\Intel\Intel(R) Management Engine Components\DAL;C:\Program Files\Git\cmd;C:\Program Files\PowerShell\7\;C:\Program Files\Microsoft\Web Platform Installer\;C:\Users\unmes\.cargo\bin;C:\Anaconda3;C:\Anaconda3\Scripts;C:\Anaconda3\Library\bin;C:\Users\unmes\.dnx\bin;C:\mybin\cntk\cntk;C:\Users\unmes\AppData\Local\Microsoft\WindowsApps;C:\Users\unmes\AppData\Local\.meteor\;C:\Program Files\Java\jdk-11.0.18\bin;C:\tools\mingw64\bin;C:\Program Files (x86)\Microsoft Visual Studio 14.0\Common7\IDE\Extensions\Microsoft\ADL Tools\2.2.5000.0\LocalRunSDK;C:\Program Files\NVIDIA GPU Computing Toolkit\CUDA\v8.0\bin;C:\zookeeper-3.4.10\bin;C:\hadoop-3.3.5\bin;C:\Program Files\R\R-3.4.2\bin;C:\Program Files\apache-maven-3.6.3\bin;c:\go\bin;C:\Users\unmes\AppData\Local\Programs\Microsoft VS Code\bin;C:\Program Files (x86)\Graphviz2.38\bin;C:\Program Files\JetBrains\IntelliJ IDEA Community Edition 2019.1.3\bin;C:\Program Files\swipl\bin;C:\Users\unmes\.dotnet\tools;C:\Users\unmes\go\bin;C:\ffmpeg\bin;C:\Program Files (x86)\sox-14-4-2;C:\Users\unmes\AppData\Local\Programs\MiKTeX\miktex\bin\x64\;C:\Users\unmes\.dotnet\tools;C:\Users\unmes\AppData\Local\Microsoft\WindowsApps;C:\Gradle\gradle-6.6.1-bin\gradle-6.6.1\bin;C:\Program Files\Graphviz\bin;C:\Users\unmes\AppData\Roaming\npm;C:\Users\unmes\AppData\Local\Coursier\data\bin;C:\Program Files\Azure Data Studio\bin;C:\Users\unmes\.dotnet\tools;F:\ghcup\bin;C:\Program Files\JetBrains\IntelliJ IDEA Community Edition 2023.1.1\bin;;C:\spark\spark-3.4.0-bin-hadoop3\bin;;."/><property name="java.vendor" value="Oracle Corporation"/><property name="sun.io.unicode.encoding" value="UnicodeLittle"/><property name="sun.desktop" value="windows"/><property name="java.class.path" value="C:\Users\unmes\AppData\Local\Coursier\data\bin\sbt.bat;C:\Users\unmes\Downloads\wikigraph\wikigraph\null\Coursier\cache\v1\https\repo1.maven.org\maven2\io\get-coursier\sbt\sbt-runner\0.2.0\sbt-runner-0.2.0.jar;C:\Users\unmes\Downloads\wikigraph\wikigraph\null\Coursier\cache\v1\https\repo1.maven.org\maven2\org\scala-sbt\sbt-launch\1.5.2\sbt-launch-1.5.2.jar"/><property name="java.vm.vendor" value="Oracle Corporation"/><property name="coursier.mainJar" value="C:\Users\unmes\AppData\Local\Coursier\data\bin\sbt.bat"/><property name="user.variant" value=""/><property name="jline.shutdownhook" value="false"/><property name="user.timezone" value="America/Chicago"/><property name="coursier.main.arg-0" value="test"/><property name="os.name" value="Windows 10"/><property name="java.vm.specification.version" value="11"/><property name="sun.java.launcher" value="SUN_STANDARD"/><property name="user.country" value="US"/><property name="sun.cpu.endian" value="little"/><property name="user.home" value="C:\Users\unmes"/><property name="user.language" value="en"/><property name="swoval.tmpdir" value="C:\Users\unmes\.sbt\1.0"/><property name="java.awt.graphicsenv" value="sun.awt.Win32GraphicsEnvironment"/><property name="jline.esc.timeout" value="0"/><property name="path.separator" value=";"/><property name="prog.dir" value="C:\\Users\\unmes\\AppData\\Local\\Coursier\\data\\bin\"/><property name="os.version" value="10.0"/><property name="jna.nosys" value="true"/><property name="java.runtime.name" value="Java(TM) SE Runtime Environment"/><property name="java.vm.name" value="Java HotSpot(TM) 64-Bit Server VM"/><property name="java.vendor.url.bug" value="https://bugreport.java.com/bugreport/"/><property name="sbt-launch.version" value="1.5.2"/><property name="user.dir" value="C:\Users\unmes\Downloads\wikigraph\wikigraph"/><property name="os.arch" value="amd64"/><property name="java.vm.info" value="mixed mode"/><property name="java.vm.version" value="11.0.18+9-LTS-195"/><property name="java.class.version" value="55.0"/>
    </properties>
          <testcase classname="wikigraph.WikigraphSuite" name="zip without errors" time="0.348">
                      
                    </testcase><testcase classname="wikigraph.WikigraphSuite" name="zip with domain errors" time="0.069">
                      
                    </testcase><testcase classname="wikigraph.WikigraphSuite" name="zip with domain errors and failures" time="0.031">
                      
                    </testcase><testcase classname="wikigraph.WikigraphSuite" name="traverse without errors" time="0.085">
                      
                    </testcase><testcase classname="wikigraph.WikigraphSuite" name="traverse with domain errors" time="0.2">
                      
                    </testcase><testcase classname="wikigraph.WikigraphSuite" name="traverse with domain errors and failures" time="0.047">
                      
                    </testcase><testcase classname="wikigraph.WikigraphSuite" name="map" time="0.022">
                      
                    </testcase><testcase classname="wikigraph.WikigraphSuite" name="flatMap with a successful function" time="0.015">
                      
                    </testcase><testcase classname="wikigraph.WikigraphSuite" name="flatMap with a function producing a domain error" time="0.0">
                      
                    </testcase><testcase classname="wikigraph.WikigraphSuite" name="flatMap with a function producing a system failure" time="0.016">
                      
                    </testcase><testcase classname="wikigraph.WikigraphSuite" name="breadthFirstSearch finds unique path" time="0.047">
                      <failure message="munit.FailException: C:\Users\unmes\Downloads\wikigraph\wikigraph\src\test\scala\wikigraph\WikigraphSuite.scala:219 assertion failed
218:
[7m219:    assert(res.extractUnsafe == Option(3))[0m
220:  }" type="sbt.ForkMain$ForkError">sbt.ForkMain$ForkError: munit.FailException: C:\Users\unmes\Downloads\wikigraph\wikigraph\src\test\scala\wikigraph\WikigraphSuite.scala:219 assertion failed
218:
[7m219:    assert(res.extractUnsafe == Option(3))[0m
220:  }
	at munit.FunSuite.assert(FunSuite.scala:11)
	at wikigraph.WikigraphSuite.$init$$$anonfun$11(WikigraphSuite.scala:219)
	at scala.runtime.java8.JFunction0$mcV$sp.apply(JFunction0$mcV$sp.scala:18)
</failure>
                    </testcase><testcase classname="wikigraph.WikigraphSuite" name="breadthFirstSearch finds shortest path path" time="0.016">
                      <failure message="munit.FailException: C:\Users\unmes\Downloads\wikigraph\wikigraph\src\test\scala\wikigraph\WikigraphSuite.scala:233 assertion failed
232:
[7m233:    assert(res.extractUnsafe == Option(2))[0m
234:  }" type="sbt.ForkMain$ForkError">sbt.ForkMain$ForkError: munit.FailException: C:\Users\unmes\Downloads\wikigraph\wikigraph\src\test\scala\wikigraph\WikigraphSuite.scala:233 assertion failed
232:
[7m233:    assert(res.extractUnsafe == Option(2))[0m
234:  }
	at munit.FunSuite.assert(FunSuite.scala:11)
	at wikigraph.WikigraphSuite.$init$$$anonfun$12(WikigraphSuite.scala:233)
	at scala.runtime.java8.JFunction0$mcV$sp.apply(JFunction0$mcV$sp.scala:18)
</failure>
                    </testcase><testcase classname="wikigraph.WikigraphSuite" name="breadthFirstSearch exits when maxDepth is reached" time="0.006">
                      
                    </testcase><testcase classname="wikigraph.WikigraphSuite" name="breadthFirstSearch does not fail on errors" time="0.0">
                      
                    </testcase><testcase classname="wikigraph.WikigraphSuite" name="breadthFirstSearch does not get stuck in cycles" time="0.0">
                      
                    </testcase><testcase classname="wikigraph.WikigraphSuite" name="distanceMatrix" time="0.016">
                      <failure message="java.lang.AssertionError: 
 - Expected value: Right(List((TestArticle-1,TestArticle-3,Some(2)), (TestArticle-3,TestArticle-1,Some(1))))
 - Obtained value: Right(List((TestArticle-1,TestArticle-3,None), (TestArticle-3,TestArticle-1,None)))" type="sbt.ForkMain$ForkError">sbt.ForkMain$ForkError: java.lang.AssertionError: 
 - Expected value: Right(List((TestArticle-1,TestArticle-3,Some(2)), (TestArticle-3,TestArticle-1,Some(1))))
 - Obtained value: Right(List((TestArticle-1,TestArticle-3,None), (TestArticle-3,TestArticle-1,None)))
	at wikigraph.WikigraphSuite.failure$1(WikigraphSuite.scala:357)
	at wikigraph.WikigraphSuite.checkProperty(WikigraphSuite.scala:360)
	at wikigraph.WikigraphSuite.property$$anonfun$1(WikigraphSuite.scala:351)
	at scala.runtime.java8.JFunction0$mcV$sp.apply(JFunction0$mcV$sp.scala:18)
</failure>
                    </testcase><testcase classname="wikigraph.WikigraphSuite" name="namedLinks" time="0.147">
                      
                    </testcase>
          <system-out><![CDATA[]]></system-out>
          <system-err><![CDATA[]]></system-err>
        </testsuite>