<?xml version='1.0' encoding='UTF-8'?>
<testsuite hostname="DESKTOP-383G74D" name="fireworks.FireworksSuite" tests="12" errors="0" failures="0" skipped="0" time="1.136" timestamp="2023-05-17T17:54:15">
          <properties>
      <property name="jline.esc.timeout" value="0"/><property name="java.runtime.name" value="Java(TM) SE Runtime Environment"/><property name="sun.boot.library.path" value="C:\Program Files\Java\jdk1.8.0_151\jre\bin"/><property name="java.vm.version" value="25.151-b12"/><property name="java.vm.vendor" value="Oracle Corporation"/><property name="java.vendor.url" value="http://java.oracle.com/"/><property name="path.separator" value=";"/><property name="jna.loaded" value="true"/><property name="java.vm.name" value="Java HotSpot(TM) 64-Bit Server VM"/><property name="file.encoding.pkg" value="sun.io"/><property name="user.country" value="US"/><property name="user.script" value=""/><property name="sun.java.launcher" value="SUN_STANDARD"/><property name="sun.os.patch.level" value=""/><property name="jna.nosys" value="true"/><property name="java.vm.specification.name" value="Java Virtual Machine Specification"/><property name="user.dir" value="C:\Users\unmes\Downloads\fireworks\fireworks"/><property name="java.runtime.version" value="1.8.0_151-b12"/><property name="java.awt.graphicsenv" value="sun.awt.Win32GraphicsEnvironment"/><property name="java.endorsed.dirs" value="C:\Program Files\Java\jdk1.8.0_151\jre\lib\endorsed"/><property name="os.arch" value="amd64"/><property name="com.ibm.vm.bitmode" value="64"/><property name="java.io.tmpdir" value="C:\Users\unmes\AppData\Local\Temp\"/><property name="line.separator" value="
"/><property name="java.vm.specification.vendor" value="Oracle Corporation"/><property name="log4j.ignoreTCL" value="true"/><property name="user.variant" value=""/><property name="os.name" value="Windows 10"/><property name="sun.jnu.encoding" value="Cp1252"/><property name="jnidispatch.path" value="C:\Users\unmes\AppData\Local\Temp\jna-111436962\jna5379598487972450363.dll"/><property name="java.library.path" value="C:\Program Files\Java\jdk1.8.0_151\bin;C:\WINDOWS\Sun\Java\bin;C:\WINDOWS\system32;C:\WINDOWS;C:\Program Files (x86)\Microsoft SDKs\Azure\CLI2\wbin;C:\Users\unmes\AppData\Local\Programs\Python\Python39\Scripts\;C:\Users\unmes\AppData\Local\Programs\Python\Python39\;C:\Program Files (x86)\Common Files\Oracle\Java\javapath;C:\RBuildTools\3.4\bin;C:\RBuildTools\3.4\mingw_32\bin;C:\ProgramData\Oracle\Java\javapath;C:\spark\spark-3.4.0-bin-hadoop3\bin;c:\Rtools\bin;c:\Rtools\mingw_32\bin;C:\Windows\system32;C:\Windows;C:\Windows\System32\Wbem;C:\Windows\System32\WindowsPowerShell\v1.0\;C:\Users\unmes\.dnx\bin;C:\Anaconda3;C:\Anaconda3\Scripts;C:\Anaconda3\Library\bin;C:\Program Files (x86)\NVIDIA Corporation\PhysX\Common;C:\Julia-0.4.6\bin;C:\Program Files\CMake\bin;C:\WINDOWS\system32;C:\WINDOWS;C:\WINDOWS\System32\Wbem;C:\WINDOWS\System32\WindowsPowerShell\v1.0\;C:\Program Files\PuTTY\;C:\Program Files\dotnet\;C:\ProgramData\chocolatey\bin;C:\tools\go\bin;C:\WINDOWS\System32\OpenSSH\;C:\Program Files (x86)\Graphviz2.38\bin;C:\Program Files\Intel\WiFi\bin\;C:\Program Files\Common Files\Intel\WirelessCommon\;C:\Go\bin;C:\WINDOWS\system32;C:\WINDOWS;C:\WINDOWS\System32\Wbem;C:\WINDOWS\System32\WindowsPowerShell\v1.0\;C:\WINDOWS\System32\OpenSSH\;C:\Program Files (x86)\scala\bin;C:\Program Files\nodejs\;C:\Program Files\Microsoft SQL Server\130\Tools\Binn\;C:\Program Files (x86)\Microsoft SQL Server\150\Tools\Binn\;C:\Program Files\Microsoft SQL Server\150\Tools\Binn\;C:\Program Files (x86)\Microsoft SQL Server\150\DTS\Binn\;C:\Program Files\Microsoft SQL Server\150\DTS\Binn\;C:\Program Files\Microsoft SQL Server\Client SDK\ODBC\170\Tools\Binn\;c:\Program Files (x86)\Intel\Intel(R) Management Engine Components\DAL;c:\Program Files\Intel\Intel(R) Management Engine Components\DAL;C:\Program Files\Git\cmd;C:\Program Files\PowerShell\7\;C:\Program Files\Microsoft\Web Platform Installer\;C:\Users\unmes\.cargo\bin;C:\Anaconda3;C:\Anaconda3\Scripts;C:\Anaconda3\Library\bin;C:\Users\unmes\.dnx\bin;C:\mybin\cntk\cntk;C:\Users\unmes\AppData\Local\Microsoft\WindowsApps;C:\Users\unmes\AppData\Local\.meteor\;C:\Program Files (x86)\Java\jdk1.8.0_101\bin;C:\tools\mingw64\bin;C:\Program Files (x86)\Microsoft Visual Studio 14.0\Common7\IDE\Extensions\Microsoft\ADL Tools\2.2.5000.0\LocalRunSDK;C:\Program Files\NVIDIA GPU Computing Toolkit\CUDA\v8.0\bin;C:\zookeeper-3.4.10\bin;C:\hadoop-3.3.5\bin;C:\Program Files\R\R-3.4.2\bin;C:\Program Files\apache-maven-3.6.3\bin;c:\go\bin;C:\Users\unmes\AppData\Local\Programs\Microsoft VS Code\bin;C:\Program Files (x86)\Graphviz2.38\bin;C:\Program Files\JetBrains\IntelliJ IDEA Community Edition 2019.1.3\bin;C:\Program Files\swipl\bin;C:\Users\unmes\.dotnet\tools;C:\Users\unmes\go\bin;C:\ffmpeg\bin;C:\Program Files (x86)\sox-14-4-2;C:\Users\unmes\AppData\Local\Programs\MiKTeX\miktex\bin\x64\;C:\Users\unmes\.dotnet\tools;C:\Users\unmes\AppData\Local\Microsoft\WindowsApps;C:\Gradle\gradle-6.6.1-bin\gradle-6.6.1\bin;C:\Program Files\Graphviz\bin;C:\Users\unmes\AppData\Roaming\npm;C:\Users\unmes\AppData\Local\Coursier\data\bin;C:\Program Files\Azure Data Studio\bin;C:\Users\unmes\.dotnet\tools;F:\ghcup\bin;C:\Program Files\JetBrains\IntelliJ IDEA Community Edition 2023.1.1\bin;;C:\spark\spark-3.4.0-bin-hadoop3\bin;;."/><property name="java.specification.name" value="Java Platform API Specification"/><property name="java.class.version" value="52.0"/><property name="sun.management.compiler" value="HotSpot 64-Bit Tiered Compilers"/><property name="os.version" value="10.0"/><property name="coursier.mainJar" value="C:\Users\unmes\AppData\Local\Coursier\data\bin\sbt.bat"/><property name="swoval.tmpdir" value="C:\Users\unmes\.sbt\1.0"/><property name="user.home" value="C:\Users\unmes"/><property name="user.timezone" value="America/Chicago"/><property name="java.awt.printerjob" value="sun.awt.windows.WPrinterJob"/><property name="file.encoding" value="Cp1252"/><property name="java.specification.version" value="1.8"/><property name="java.class.path" value="C:\Users\unmes\AppData\Local\Coursier\data\bin\sbt.bat;C:\Users\unmes\AppData\Local\Coursier\cache\v1\https\repo1.maven.org\maven2\io\get-coursier\sbt\sbt-runner\0.2.0\sbt-runner-0.2.0.jar;C:\Users\unmes\AppData\Local\Coursier\cache\v1\https\repo1.maven.org\maven2\org\scala-sbt\sbt-launch\1.5.2\sbt-launch-1.5.2.jar"/><property name="user.name" value="unmes"/><property name="jline.shutdownhook" value="false"/><property name="java.vm.specification.version" value="1.8"/><property name="sun.java.command" value="C:\Users\unmes\AppData\Local\Coursier\data\bin\sbt.bat"/><property name="java.home" value="C:\Program Files\Java\jdk1.8.0_151\jre"/><property name="sun.arch.data.model" value="64"/><property name="user.language" value="en"/><property name="java.specification.vendor" value="Oracle Corporation"/><property name="awt.toolkit" value="sun.awt.windows.WToolkit"/><property name="java.vm.info" value="mixed mode"/><property name="bootstrap.mainClass" value="xsbt.boot.Boot"/><property name="java.version" value="1.8.0_151"/><property name="sbt-launch.version" value="1.5.2"/><property name="java.ext.dirs" value="C:\Program Files\Java\jdk1.8.0_151\jre\lib\ext;C:\WINDOWS\Sun\Java\lib\ext"/><property name="sun.boot.class.path" value="C:\Program Files\Java\jdk1.8.0_151\jre\lib\resources.jar;C:\Program Files\Java\jdk1.8.0_151\jre\lib\rt.jar;C:\Program Files\Java\jdk1.8.0_151\jre\lib\sunrsasign.jar;C:\Program Files\Java\jdk1.8.0_151\jre\lib\jsse.jar;C:\Program Files\Java\jdk1.8.0_151\jre\lib\jce.jar;C:\Program Files\Java\jdk1.8.0_151\jre\lib\charsets.jar;C:\Program Files\Java\jdk1.8.0_151\jre\lib\jfr.jar;C:\Program Files\Java\jdk1.8.0_151\jre\classes"/><property name="java.vendor" value="Oracle Corporation"/><property name="sun.stderr.encoding" value="cp437"/><property name="file.separator" value="\"/><property name="java.vendor.url.bug" value="http://bugreport.sun.com/bugreport/"/><property name="sun.io.unicode.encoding" value="UnicodeLittle"/><property name="sun.cpu.endian" value="little"/><property name="sun.stdout.encoding" value="cp437"/><property name="sun.desktop" value="windows"/><property name="prog.dir" value="C:\\Users\\unmes\\AppData\\Local\\Coursier\\data\\bin\"/><property name="sun.cpu.isalist" value="amd64"/>
    </properties>
          <testcase classname="fireworks.FireworksSuite" name="'Firework.next' returns 'Done' when given 'Done' `" time="0.103">
                      
                    </testcase><testcase classname="fireworks.FireworksSuite" name="'Firework.next' returns 'Waiting' or 'Launched' when given 'Waiting'" time="0.303">
                      
                    </testcase><testcase classname="fireworks.FireworksSuite" name="'Firework.next' returns 'Launched' or 'Exploding' when given 'Launched'" time="0.074">
                      
                    </testcase><testcase classname="fireworks.FireworksSuite" name="'Firework.next' returns 'Exploding' or 'Done' when given 'Exploding'" time="0.125">
                      
                    </testcase><testcase classname="fireworks.FireworksSuite" name="Operation 'next' on class 'Waiting' should return the same 'Waiting' value with a decremented 'countDown' until it is zero or negative" time="0.045">
                      
                    </testcase><testcase classname="fireworks.FireworksSuite" name="Operation 'next' on class 'Waiting' should return a 'Launched' value if the 'countDown' is zero or negative" time="0.044">
                      
                    </testcase><testcase classname="fireworks.FireworksSuite" name="Operation 'next' on class 'Launched' should return a 'Launched' value with a decremented 'countDown' until it is zero or negative" time="0.021">
                      
                    </testcase><testcase classname="fireworks.FireworksSuite" name="Operation 'next' on class 'Launched' should return a 'Launched' value with an updated 'position' until the 'countDown' is zero or negative" time="0.031">
                      
                    </testcase><testcase classname="fireworks.FireworksSuite" name="Operation 'next' on class 'Launched' should return an 'Exploding' value if the 'countDown' is zero or negative" time="0.057">
                      
                    </testcase><testcase classname="fireworks.FireworksSuite" name="Operation 'next' on class 'Exploding' should return an 'Exploding' value with a decremented 'countDown' until it is zero or negative" time="0.224">
                      
                    </testcase><testcase classname="fireworks.FireworksSuite" name="Operation 'next' on class 'Exploding' should return a 'Done' value if the 'countDown' is zero or negative" time="0.101">
                      
                    </testcase><testcase classname="fireworks.FireworksSuite" name="Operation 'next' on class 'Particle' should return a 'Particle' value that has moved" time="0.008">
                      
                    </testcase>
          <system-out><![CDATA[]]></system-out>
          <system-err><![CDATA[]]></system-err>
        </testsuite>